<?xml version="1.0" encoding="UTF-8"?>
<!-- Generated by org.testng.reporters.JUnitXMLReporter -->
<testsuite hostname="Vibhor-Agarwal" tests="10" failures="0" timestamp="21 Sep 2019 14:22:57 GMT" time="92.227" errors="0">
  <testcase name="loginTestwithValidCredentials" time="3.033" classname="DemoTest"/>
  <testcase name="loginTestwithInValidCredentials" time="1.453" classname="DemoTest"/>
  <testcase name="runValuationTest" time="18.02" classname="DemoTest"/>
  <testcase name="verifySearchHistoryTest" time="19.162" classname="DemoTest"/>
  <testcase name="verifyProfileDetailsTest" time="3.438" classname="DemoTest"/>
  <testcase name="logoutTest" time="2.679" classname="DemoTest"/>
  <testcase name="signUpTest" time="3.254" classname="DemoTest"/>
  <testcase name="signUpFromExistingEmailIdTest" time="2.704" classname="DemoTest"/>
  <testcase name="profileUpdateTest" time="3.404" classname="DemoTest"/>
  <testcase name="resetPasswordTest" time="35.037" classname="DemoTest"/>
</testsuite>
